<?xml version="1.0" encoding="UTF-8"?>
<!-- Generated by org.testng.reporters.JUnitReportReporter -->
<testsuite hostname="DESKTOP-A72PT11" failures="0" tests="2" name="com.itview.testng.SoftAssert1" time="12.570" errors="0" timestamp="2023-03-20T20:52:36 IST" skipped="0">
  <testcase classname="com.itview.testng.SoftAssert1" name="loginTest" time="6.552"/>
  <system-out/>
  <testcase classname="com.itview.testng.SoftAssert1" name="logoutTest" time="6.018"/>
  <system-out/>
</testsuite> <!-- com.itview.testng.SoftAssert1 -->
