<?xml version="1.0" encoding="UTF-8"?>
<!-- Generated by org.testng.reporters.JUnitReportReporter -->
<testsuite hostname="DESKTOP-A72PT11" failures="0" tests="1" name="com.seleniumpractice.webobject.KeyboardHandling" time="8.009" errors="0" timestamp="2023-02-13T10:58:33 IST" skipped="0">
  <testcase classname="com.seleniumpractice.webobject.KeyboardHandling" name="f" time="8.009"/>
  <system-out/>
</testsuite> <!-- com.seleniumpractice.webobject.KeyboardHandling -->
