<?xml version="1.0" encoding="UTF-8"?>
<!-- Generated by org.testng.reporters.JUnitReportReporter -->
<testsuite hostname="DESKTOP-UFJSIU3" failures="0" tests="2" name="com.itview.testng.HardAssetTest" time="10.951" errors="0" timestamp="2022-10-21T10:18:10 IST" skipped="0">
  <testcase classname="com.itview.testng.HardAssetTest" name="loginTest" time="6.979"/>
  <system-out/>
  <testcase classname="com.itview.testng.HardAssetTest" name="logoutTest" time="3.972"/>
  <system-out/>
</testsuite> <!-- com.itview.testng.HardAssetTest -->
