<?xml version="1.0" encoding="UTF-8"?>
<!-- Generated by org.testng.reporters.JUnitReportReporter -->
<testsuite hostname="DESKTOP-UFJSIU3" failures="0" tests="2" name="com.itview.testing.SoftAssertTest" time="8.127" errors="0" timestamp="2022-07-17T11:39:52 IST" skipped="0">
  <testcase classname="com.itview.testing.SoftAssertTest" name="loginTest" time="3.980"/>
  <system-out/>
  <testcase classname="com.itview.testing.SoftAssertTest" name="logoutTest" time="4.147"/>
  <system-out/>
</testsuite> <!-- com.itview.testing.SoftAssertTest -->
