<?xml version="1.0" encoding="UTF-8"?>
<!-- Generated by org.testng.reporters.JUnitReportReporter -->
<testsuite hostname="DESKTOP-A72PT11" failures="0" tests="1" name="com.cortexcraft.testcases.Flipkart_testcase" time="31.889" errors="0" timestamp="2023-02-13T15:53:59 IST" skipped="0">
  <testcase classname="com.cortexcraft.testcases.Flipkart_testcase" name="Test" time="31.889"/>
  <system-out/>
</testsuite> <!-- com.cortexcraft.testcases.Flipkart_testcase -->
