<?xml version="1.0" encoding="UTF-8"?>
<!-- Generated by org.testng.reporters.JUnitReportReporter -->
<testsuite hostname="DESKTOP-A72PT11" failures="0" tests="1" name="com.seleniumpractice.webobject.Window_tab" time="13.704" errors="0" timestamp="2023-02-13T15:00:25 IST" skipped="0">
  <testcase classname="com.seleniumpractice.webobject.Window_tab" name="f" time="13.704"/>
  <system-out/>
</testsuite> <!-- com.seleniumpractice.webobject.Window_tab -->
