<?xml version="1.0" encoding="UTF-8"?>
<!-- Generated by org.testng.reporters.JUnitReportReporter -->
<testsuite hostname="DESKTOP-A72PT11" failures="0" tests="1" name="com.seleniumpractice.webobject.MouseHandling" time="1.294" errors="0" timestamp="2023-02-13T13:53:22 IST" skipped="0">
  <testcase classname="com.seleniumpractice.webobject.MouseHandling" name="f" time="1.294"/>
  <system-out/>
</testsuite> <!-- com.seleniumpractice.webobject.MouseHandling -->
