<?xml version="1.0" encoding="UTF-8"?>
<!-- Generated by org.testng.reporters.JUnitReportReporter -->
<testsuite hostname="DESKTOP-UFJSIU3" failures="0" tests="1" name="com.selenium.webobject.Code_For_CountElements" time="8.168" errors="0" timestamp="2022-07-23T13:10:45 IST" skipped="0">
  <testcase classname="com.selenium.webobject.Code_For_CountElements" name="CountWebElement" time="8.168"/>
  <system-out/>
</testsuite> <!-- com.selenium.webobject.Code_For_CountElements -->
