<?xml version="1.0" encoding="UTF-8"?>
<!-- Generated by org.testng.reporters.JUnitReportReporter -->
<testsuite hostname="DESKTOP-UFJSIU3" failures="0" tests="1" name="com.seleniumpractice.webobject.Iframetest" time="3.983" errors="0" timestamp="2022-11-10T20:15:28 IST" skipped="0">
  <testcase classname="com.seleniumpractice.webobject.Iframetest" name="Testcaseiframes" time="3.983"/>
  <system-out/>
</testsuite> <!-- com.seleniumpractice.webobject.Iframetest -->
