<?xml version="1.0" encoding="UTF-8"?>
<!-- Generated by org.testng.reporters.JUnitReportReporter -->
<testsuite hostname="DESKTOP-UFJSIU3" failures="0" tests="1" name="com.selenium.webobject.Code" time="5.971" errors="0" timestamp="2022-07-23T13:01:54 IST" skipped="0">
  <testcase classname="com.selenium.webobject.Code" name="Code_For_IFrame_Test" time="5.971"/>
  <system-out/>
</testsuite> <!-- com.selenium.webobject.Code -->
