<?xml version="1.0" encoding="UTF-8"?>
<!-- Generated by org.testng.reporters.JUnitReportReporter -->
<testsuite hostname="DESKTOP-A72PT11" failures="0" tests="1" name="com.itview.testcases.Datadriven_Fixeddeposit" time="41.779" errors="0" timestamp="2022-11-29T15:58:48 IST" skipped="0">
  <testcase classname="com.itview.testcases.Datadriven_Fixeddeposit" name="compoundedMonthly" time="41.779"/>
  <system-out/>
</testsuite> <!-- com.itview.testcases.Datadriven_Fixeddeposit -->
