<?xml version="1.0" encoding="UTF-8"?>
<!-- Generated by org.testng.reporters.JUnitReportReporter -->
<testsuite hostname="DESKTOP-A72PT11" failures="0" tests="1" name="com.seleniumpractice.webobject.WindowTab" time="52.673" errors="0" timestamp="2022-11-15T20:31:47 IST" skipped="0">
  <testcase classname="com.seleniumpractice.webobject.WindowTab" name="Code_for_FlipkartWindowTab" time="52.673"/>
  <system-out/>
</testsuite> <!-- com.seleniumpractice.webobject.WindowTab -->
