<?xml version="1.0" encoding="UTF-8"?>
<!-- Generated by org.testng.reporters.JUnitReportReporter -->
<testsuite hostname="DESKTOP-A72PT11" failures="0" tests="2" name="com.itview.testcases.CreditCardTest" time="17.333" errors="0" timestamp="2023-02-09T12:26:18 IST" skipped="0">
  <testcase classname="com.itview.testcases.CreditCardTest" name="outStandingAmount_10000" time="11.054"/>
  <system-out/>
  <testcase classname="com.itview.testcases.CreditCardTest" name="outStandingAmount_20000" time="6.279"/>
  <system-out/>
</testsuite> <!-- com.itview.testcases.CreditCardTest -->
