<?xml version="1.0" encoding="UTF-8"?>
<!-- Generated by org.testng.reporters.JUnitReportReporter -->
<testsuite hostname="DESKTOP-A72PT11" failures="0" tests="1" name="com.cortexcraft.testcases.Testcase_2" time="0.226" errors="0" timestamp="2023-02-10T15:16:00 IST" skipped="0">
  <testcase classname="com.cortexcraft.testcases.Testcase_2" name="f" time="0.226"/>
  <system-out/>
</testsuite> <!-- com.cortexcraft.testcases.Testcase_2 -->
