<?xml version="1.0" encoding="UTF-8"?>
<!-- Generated by org.testng.reporters.JUnitReportReporter -->
<testsuite hostname="DESKTOP-A72PT11" failures="0" tests="3" name="com.itview.testng.All_Annotations" time="0.018" errors="0" timestamp="2023-03-16T09:57:10 IST" skipped="0">
  <testcase classname="com.itview.testng.All_Annotations" name="test3" time="0.003"/>
  <system-out/>
  <testcase classname="com.itview.testng.All_Annotations" name="test1" time="0.010"/>
  <system-out/>
  <testcase classname="com.itview.testng.All_Annotations" name="test2" time="0.005"/>
  <system-out/>
</testsuite> <!-- com.itview.testng.All_Annotations -->
