<?xml version="1.0" encoding="UTF-8"?>
<!-- Generated by org.testng.reporters.JUnitReportReporter -->
<testsuite hostname="DESKTOP-A72PT11" failures="0" tests="1" name="com.seleniumpractice.webobject.JavaScriptExceutor" time="20.626" errors="0" timestamp="2022-11-16T12:20:26 IST" skipped="0">
  <testcase classname="com.seleniumpractice.webobject.JavaScriptExceutor" name="JavaExecutor" time="20.626"/>
  <system-out/>
</testsuite> <!-- com.seleniumpractice.webobject.JavaScriptExceutor -->
