<?xml version="1.0" encoding="UTF-8"?>
<!-- Generated by org.testng.reporters.JUnitReportReporter -->
<testsuite hostname="DESKTOP-A72PT11" failures="0" tests="1" name="com.seleniumpractice.webobject.WindowSize" time="7.019" errors="0" timestamp="2022-11-14T00:21:42 IST" skipped="0">
  <testcase classname="com.seleniumpractice.webobject.WindowSize" name="Code_for_Maximizing_windowsize" time="7.019"/>
  <system-out/>
</testsuite> <!-- com.seleniumpractice.webobject.WindowSize -->
