<?xml version="1.0" encoding="UTF-8"?>
<!-- Generated by org.testng.reporters.JUnitReportReporter -->
<testsuite hostname="DESKTOP-UFJSIU3" failures="0" tests="4" name="com.itview.testng.BasicWebObject1" time="6.895" errors="0" timestamp="2022-11-08T23:41:23 IST" skipped="0">
  <testcase classname="com.itview.testng.BasicWebObject1" name="handleTextBox" time="6.109"/>
  <system-out/>
  <testcase classname="com.itview.testng.BasicWebObject1" name="handleRadioCheckBox" time="0.321"/>
  <system-out/>
  <testcase classname="com.itview.testng.BasicWebObject1" name="handleDropdownlist" time="0.144"/>
  <system-out/>
  <testcase classname="com.itview.testng.BasicWebObject1" name="printValueFromDropDown" time="0.321"/>
  <system-out/>
</testsuite> <!-- com.itview.testng.BasicWebObject1 -->
