<?xml version="1.0" encoding="UTF-8"?>
<!-- Generated by org.testng.reporters.JUnitReportReporter -->
<testsuite hostname="DESKTOP-UFJSIU3" failures="0" tests="1" name="com.itview.testing.BasicWebObject1" time="2.854" errors="0" timestamp="2022-07-28T00:38:16 IST" skipped="0">
  <testcase classname="com.itview.testing.BasicWebObject1" name="handleTextBox" time="2.854"/>
  <system-out/>
</testsuite> <!-- com.itview.testing.BasicWebObject1 -->
