<?xml version="1.0" encoding="UTF-8"?>
<!-- Generated by org.testng.reporters.JUnitReportReporter -->
<testsuite hostname="DESKTOP-UFJSIU3" failures="0" tests="1" name="com.selenium.webobject.ElementsCount" time="5.650" errors="0" timestamp="2022-11-10T11:15:44 IST" skipped="0">
  <testcase classname="com.selenium.webobject.ElementsCount" name="CountofElements" time="5.650"/>
  <system-out/>
</testsuite> <!-- com.selenium.webobject.ElementsCount -->
