<?xml version="1.0" encoding="UTF-8"?>
<!-- Generated by org.testng.reporters.JUnitReportReporter -->
<testsuite hostname="DESKTOP-A72PT11" failures="0" tests="1" name="com.seleniumpractice.webobject.ScreenshotCode" time="6.124" errors="0" timestamp="2022-11-16T14:40:22 IST" skipped="0">
  <testcase classname="com.seleniumpractice.webobject.ScreenshotCode" name="Code_for_Screenshots" time="6.124"/>
  <system-out/>
</testsuite> <!-- com.seleniumpractice.webobject.ScreenshotCode -->
