<?xml version="1.0" encoding="UTF-8"?>
<!-- Generated by org.testng.reporters.JUnitReportReporter -->
<testsuite hostname="DESKTOP-A72PT11" failures="0" tests="1" name="com.seleniumpractice.webobject.Keyboard_Handling" time="4.929" errors="0" timestamp="2022-11-14T20:17:11 IST" skipped="0">
  <testcase classname="com.seleniumpractice.webobject.Keyboard_Handling" name="f" time="4.929"/>
  <system-out/>
</testsuite> <!-- com.seleniumpractice.webobject.Keyboard_Handling -->
