<?xml version="1.0" encoding="UTF-8"?>
<!-- Generated by org.testng.reporters.JUnitReportReporter -->
<testsuite hostname="DESKTOP-A72PT11" failures="0" tests="1" name="com.seleniumpractice.webobject.AlertHandling" time="6.782" errors="0" timestamp="2022-11-17T19:49:02 IST" skipped="0">
  <testcase classname="com.seleniumpractice.webobject.AlertHandling" name="handleAlert" time="6.782"/>
  <system-out/>
</testsuite> <!-- com.seleniumpractice.webobject.AlertHandling -->
