<?xml version="1.0" encoding="UTF-8"?>
<!-- Generated by org.testng.reporters.JUnitReportReporter -->
<testsuite hostname="DESKTOP-UFJSIU3" failures="0" tests="1" name="com.itview.testcases.Data_Driven_FixedDeposit" time="16.502" errors="0" timestamp="2022-08-06T13:14:39 IST" skipped="0">
  <testcase classname="com.itview.testcases.Data_Driven_FixedDeposit" name="verifyFixedDeposit_SI" time="16.502"/>
  <system-out/>
</testsuite> <!-- com.itview.testcases.Data_Driven_FixedDeposit -->
