<?xml version="1.0" encoding="UTF-8"?>
<!-- Generated by org.testng.reporters.JUnitReportReporter -->
<testsuite hostname="DESKTOP-A72PT11" failures="0" tests="3" name="com.itview.testcases.Datadriven_FD_Dataprovider" time="40.314" errors="0" timestamp="2022-12-09T09:10:01 IST" skipped="0">
  <testcase classname="com.itview.testcases.Datadriven_FD_Dataprovider" name="dataDriven_DataProvider" time="12.652"/>
  <system-out/>
  <testcase classname="com.itview.testcases.Datadriven_FD_Dataprovider" name="dataDriven_DataProvider" time="13.159"/>
  <system-out/>
  <testcase classname="com.itview.testcases.Datadriven_FD_Dataprovider" name="dataDriven_DataProvider" time="14.503"/>
  <system-out/>
</testsuite> <!-- com.itview.testcases.Datadriven_FD_Dataprovider -->
