<?xml version="1.0" encoding="UTF-8"?>
<!-- Generated by org.testng.reporters.JUnitReportReporter -->
<testsuite hostname="DESKTOP-A72PT11" failures="0" tests="1" name="com.seleniumpractice.webobject.NavigateMethod" time="22.776" errors="0" timestamp="2022-11-13T23:57:44 IST" skipped="0">
  <testcase classname="com.seleniumpractice.webobject.NavigateMethod" name="navigation" time="22.776"/>
  <system-out/>
</testsuite> <!-- com.seleniumpractice.webobject.NavigateMethod -->
