<?xml version="1.0" encoding="UTF-8"?>
<!-- Generated by org.testng.reporters.JUnitReportReporter -->
<testsuite hostname="DESKTOP-A72PT11" failures="0" tests="1" name="com.seleniumpractice.webobject.Mouse_Handling" time="0.899" errors="0" timestamp="2022-11-14T21:30:11 IST" skipped="0">
  <testcase classname="com.seleniumpractice.webobject.Mouse_Handling" name="Code_for_MouseHandling" time="0.899"/>
  <system-out/>
</testsuite> <!-- com.seleniumpractice.webobject.Mouse_Handling -->
