<?xml version="1.0" encoding="UTF-8"?>
<!-- Generated by org.testng.reporters.JUnitReportReporter -->
<testsuite hostname="DESKTOP-A72PT11" failures="0" tests="3" name="com.itview.testng.LoginMutualFund" time="11.621" errors="0" timestamp="2023-04-14T12:23:55 IST" skipped="1">
  <testcase classname="com.itview.testng.LoginMutualFund" name="loginAdmin" time="6.604"/>
  <system-out/>
  <testcase classname="com.itview.testng.LoginMutualFund" name="loginJsmith" time="5.017"/>
  <system-out/>
  <testcase classname="com.itview.testng.LoginMutualFund" name="loginTestUser">
    <skipped/>
  </testcase> <!-- loginTestUser -->
  <system-out/>
</testsuite> <!-- com.itview.testng.LoginMutualFund -->
