<?xml version="1.0" encoding="UTF-8"?>
<!-- Generated by org.testng.reporters.JUnitReportReporter -->
<testsuite hostname="DESKTOP-A72PT11" failures="0" tests="1" name="com.itview.testng.Altoro_mutual_Login" time="0.000" errors="0" timestamp="2023-03-16T09:49:21 IST" skipped="1">
  <testcase classname="com.itview.testng.Altoro_mutual_Login" name="f" time="0.000">
    <skipped/>
  </testcase> <!-- f -->
  <system-out/>
</testsuite> <!-- com.itview.testng.Altoro_mutual_Login -->
